2019-03-18 00:04:30,198 INFO  DownloadService - Downloading "https://github.com/Doctoror/ParticlesDrawable/archive/master.zip", attempt 3
2019-03-18 00:05:30,815 INFO  GithubDownloadService - Could not find ZIP archive for master branch
2019-03-18 00:05:32,351 INFO  GithubDownloadService - Default branch of this repository: master
2019-03-18 00:05:32,351 INFO  DownloadService - Downloading "https://github.com/Doctoror/ParticlesDrawable/archive/master.zip", attempt 3
2019-03-18 00:06:33,947 DEBUG FullProcessService - Repository https://github.com/Doctoror/ParticlesDrawable available: true
2019-03-18 00:06:33,947 INFO  FullProcessService - Could not download ZIP file from Github, lets clone it
2019-03-18 00:06:33,947 INFO  SysUtils - Execute command: [git, clone, -q, --single-branch, --depth, 1, https://github.com/Doctoror/ParticlesDrawable, /var/folders/bq/vtzpc5ns5sg2cthy61lqpg3dfzgbys/T/1552842270194-0/src]
2019-03-18 00:06:36,738 INFO  SysUtils - 
2019-03-18 00:06:36,747 INFO  GitService - Deleted "/var/folders/bq/vtzpc5ns5sg2cthy61lqpg3dfzgbys/T/1552842270194-0/src/.git": true
2019-03-18 00:06:36,753 INFO  FullProcessService - Size of directory with sources: 1 MB
2019-03-18 00:06:36,753 INFO  SysUtils - Execute command: [git, init, /var/folders/bq/vtzpc5ns5sg2cthy61lqpg3dfzgbys/T/1552842270194-0/src]
2019-03-18 00:06:36,772 INFO  SysUtils - Initialized empty Git repository in /private/var/folders/bq/vtzpc5ns5sg2cthy61lqpg3dfzgbys/T/1552842270194-0/src/.git/

2019-03-18 00:06:36,777 INFO  ProjectBuildService - Gradle wrapper(s): none
2019-03-18 00:06:36,777 ERROR ProjectBuildService - Could not detect Gradle wrapper. Default Gradle installation will be used
2019-03-18 00:06:36,782 INFO  ProjectBuildService - Build script(s): /var/folders/bq/vtzpc5ns5sg2cthy61lqpg3dfzgbys/T/1552842270194-0/src/demo/build.gradle /var/folders/bq/vtzpc5ns5sg2cthy61lqpg3dfzgbys/T/1552842270194-0/src/library/build.gradle /var/folders/bq/vtzpc5ns5sg2cthy61lqpg3dfzgbys/T/1552842270194-0/src/opengl/build.gradle /var/folders/bq/vtzpc5ns5sg2cthy61lqpg3dfzgbys/T/1552842270194-0/src/build.gradle
2019-03-18 00:06:36,786 INFO  ProjectBuildService - All script(s): /var/folders/bq/vtzpc5ns5sg2cthy61lqpg3dfzgbys/T/1552842270194-0/src/demo/build.gradle /var/folders/bq/vtzpc5ns5sg2cthy61lqpg3dfzgbys/T/1552842270194-0/src/library/gradle-mvn-push.gradle /var/folders/bq/vtzpc5ns5sg2cthy61lqpg3dfzgbys/T/1552842270194-0/src/library/build.gradle /var/folders/bq/vtzpc5ns5sg2cthy61lqpg3dfzgbys/T/1552842270194-0/src/dependencies.gradle /var/folders/bq/vtzpc5ns5sg2cthy61lqpg3dfzgbys/T/1552842270194-0/src/build.gradle /var/folders/bq/vtzpc5ns5sg2cthy61lqpg3dfzgbys/T/1552842270194-0/src/settings.gradle /var/folders/bq/vtzpc5ns5sg2cthy61lqpg3dfzgbys/T/1552842270194-0/src/opengl/gradle-mvn-push.gradle /var/folders/bq/vtzpc5ns5sg2cthy61lqpg3dfzgbys/T/1552842270194-0/src/opengl/build.gradle
2019-03-18 00:06:36,787 INFO  ProjectBuildService - Remote scripts: none
2019-03-18 00:06:36,787 INFO  ProjectFixService - Fixing project...
2019-03-18 00:06:36,802 INFO  LocalPropertiesFixService - Created fake /var/folders/bq/vtzpc5ns5sg2cthy61lqpg3dfzgbys/T/1552842270194-0/src/demo/local.properties
2019-03-18 00:06:36,807 INFO  ProjectFixService - Build info for "/var/folders/bq/vtzpc5ns5sg2cthy61lqpg3dfzgbys/T/1552842270194-0/src/demo/build.gradle": [buildToolsVersion=<null>,compileSdkVersion=<null>,minSdkVersion=<null>,targetSdkVersion=<null>]
2019-03-18 00:06:36,807 INFO  ProjectFixService - Fixed build info for "/var/folders/bq/vtzpc5ns5sg2cthy61lqpg3dfzgbys/T/1552842270194-0/src/demo/build.gradle": [buildToolsVersion=28.0.0-rc2,compileSdkVersion=28,minSdkVersion=28,targetSdkVersion=28]
2019-03-18 00:06:36,808 INFO  LocalPropertiesFixService - Created fake /var/folders/bq/vtzpc5ns5sg2cthy61lqpg3dfzgbys/T/1552842270194-0/src/library/local.properties
2019-03-18 00:06:36,813 INFO  ProjectFixService - Build info for "/var/folders/bq/vtzpc5ns5sg2cthy61lqpg3dfzgbys/T/1552842270194-0/src/library/build.gradle": [buildToolsVersion=<null>,compileSdkVersion=<null>,minSdkVersion=<null>,targetSdkVersion=<null>]
2019-03-18 00:06:36,813 INFO  ProjectFixService - Fixed build info for "/var/folders/bq/vtzpc5ns5sg2cthy61lqpg3dfzgbys/T/1552842270194-0/src/library/build.gradle": [buildToolsVersion=28.0.0-rc2,compileSdkVersion=28,minSdkVersion=28,targetSdkVersion=28]
2019-03-18 00:06:36,814 INFO  LocalPropertiesFixService - Created fake /var/folders/bq/vtzpc5ns5sg2cthy61lqpg3dfzgbys/T/1552842270194-0/src/opengl/local.properties
2019-03-18 00:06:36,819 INFO  ProjectFixService - Build info for "/var/folders/bq/vtzpc5ns5sg2cthy61lqpg3dfzgbys/T/1552842270194-0/src/opengl/build.gradle": [buildToolsVersion=<null>,compileSdkVersion=<null>,minSdkVersion=<null>,targetSdkVersion=<null>]
2019-03-18 00:06:36,819 INFO  ProjectFixService - Fixed build info for "/var/folders/bq/vtzpc5ns5sg2cthy61lqpg3dfzgbys/T/1552842270194-0/src/opengl/build.gradle": [buildToolsVersion=28.0.0-rc2,compileSdkVersion=28,minSdkVersion=28,targetSdkVersion=28]
2019-03-18 00:06:36,820 INFO  LocalPropertiesFixService - Created fake /var/folders/bq/vtzpc5ns5sg2cthy61lqpg3dfzgbys/T/1552842270194-0/src/local.properties
2019-03-18 00:06:36,825 INFO  ProjectFixService - Build info for "/var/folders/bq/vtzpc5ns5sg2cthy61lqpg3dfzgbys/T/1552842270194-0/src/build.gradle": [buildToolsVersion=<null>,compileSdkVersion=<null>,minSdkVersion=<null>,targetSdkVersion=<null>]
2019-03-18 00:06:36,825 INFO  ProjectFixService - Fixed build info for "/var/folders/bq/vtzpc5ns5sg2cthy61lqpg3dfzgbys/T/1552842270194-0/src/build.gradle": [buildToolsVersion=28.0.0-rc2,compileSdkVersion=28,minSdkVersion=28,targetSdkVersion=28]
2019-03-18 00:06:36,826 INFO  ProjectFixService - Project was maybe fixed
2019-03-18 00:06:36,826 INFO  ProjectTaskService - Detecting possible tasks...
2019-03-18 00:06:36,826 INFO  SysUtils - Execute command: [gradle, -b, /var/folders/bq/vtzpc5ns5sg2cthy61lqpg3dfzgbys/T/1552842270194-0/src/demo/build.gradle, -Dorg.gradle.daemon=false, -Dorg.gradle.daemon.performance.enable-monitoring=false, -Dorg.gradle.configureondemand=true, tasks]
2019-03-18 00:06:36,836 ERROR ProjectTaskService - Could not detect possible Gradle tasks: Cannot run program "gradle" (in directory "."): error=2, No such file or directory
2019-03-18 00:06:36,836 INFO  ProjectTaskService - Detected possible tasks: 0
2019-03-18 00:06:36,836 INFO  ProjectTaskService - Excluded tasks (0): none
2019-03-18 00:06:36,836 INFO  SysUtils - Execute command: [gradle, -b, /var/folders/bq/vtzpc5ns5sg2cthy61lqpg3dfzgbys/T/1552842270194-0/src/demo/build.gradle, -Dorg.gradle.daemon=false, -Dorg.gradle.daemon.performance.enable-monitoring=false, -Dorg.gradle.configureondemand=true, --stacktrace, build]
2019-03-18 00:06:36,841 ERROR SysUtils - Could not process external command
java.io.IOException: Cannot run program "gradle" (in directory "."): error=2, No such file or directory
	at java.lang.ProcessBuilder.start(ProcessBuilder.java:1048)
	at java.lang.Runtime.exec(Runtime.java:620)
	at org.apache.commons.exec.launcher.Java13CommandLauncher.exec(Java13CommandLauncher.java:61)
	at org.apache.commons.exec.DefaultExecutor.launch(DefaultExecutor.java:279)
	at org.apache.commons.exec.DefaultExecutor.executeInternal(DefaultExecutor.java:336)
	at org.apache.commons.exec.DefaultExecutor.execute(DefaultExecutor.java:166)
	at com.github.vbauer.apkmaster.util.SysUtils.execute(SysUtils.java:67)
	at com.github.vbauer.apkmaster.util.SysUtils.executeSimple(SysUtils.java:43)
	at com.github.vbauer.apkmaster.service.assembly.ProjectBuildService.buildProject(ProjectBuildService.java:78)
	at com.github.vbauer.apkmaster.service.assembly.ProjectBuildService.buildProject(ProjectBuildService.java:64)
	at com.github.vbauer.apkmaster.service.assembly.ProjectBuildService.buildProject(ProjectBuildService.java:43)
	at com.github.vbauer.apkmaster.service.FullProcessService.build(FullProcessService.java:84)
	at com.github.vbauer.apkmaster.service.FullProcessService.process(FullProcessService.java:34)
	at com.github.vbauer.apkmaster.app.MainApplication.process(MainApplication.java:38)
	at com.github.vbauer.apkmaster.app.MainApplication.main(MainApplication.java:20)
	at sun.reflect.NativeMethodAccessorImpl.invoke0(Native Method)
	at sun.reflect.NativeMethodAccessorImpl.invoke(NativeMethodAccessorImpl.java:62)
	at sun.reflect.DelegatingMethodAccessorImpl.invoke(DelegatingMethodAccessorImpl.java:43)
	at java.lang.reflect.Method.invoke(Method.java:498)
	at com.android.arsenal.util.ReflectionUtils.invoke(ReflectionUtils.java:52)
	at com.android.arsenal.util.ApkMasterUtils.main(ApkMasterUtils.java:30)
	at com.android.arsenal.service.processor.impl.BuildProcessorServiceImpl.buildProject(BuildProcessorServiceImpl.java:196)
	at com.android.arsenal.service.processor.impl.BuildProcessorServiceImpl.build(BuildProcessorServiceImpl.java:130)
	at com.android.arsenal.service.processor.impl.BuildProcessorServiceImpl.lambda$null$1(BuildProcessorServiceImpl.java:113)
	at java.util.concurrent.FutureTask.run(FutureTask.java:266)
	at java.util.concurrent.Executors$RunnableAdapter.call(Executors.java:511)
	at java.util.concurrent.FutureTask.run(FutureTask.java:266)
	at java.util.concurrent.ThreadPoolExecutor.runWorker(ThreadPoolExecutor.java:1149)
	at java.util.concurrent.ThreadPoolExecutor$Worker.run(ThreadPoolExecutor.java:624)
	at java.lang.Thread.run(Thread.java:748)
Caused by: java.io.IOException: error=2, No such file or directory
	at java.lang.UNIXProcess.forkAndExec(Native Method)
	at java.lang.UNIXProcess.<init>(UNIXProcess.java:247)
	at java.lang.ProcessImpl.start(ProcessImpl.java:134)
	at java.lang.ProcessBuilder.start(ProcessBuilder.java:1029)
	... 29 common frames omitted
2019-03-18 00:06:36,841 INFO  SysUtils - 
2019-03-18 00:06:36,846 INFO  ProjectTaskService - Detecting possible tasks...
2019-03-18 00:06:36,846 INFO  SysUtils - Execute command: [gradle, -b, /var/folders/bq/vtzpc5ns5sg2cthy61lqpg3dfzgbys/T/1552842270194-0/src/library/build.gradle, -Dorg.gradle.daemon=false, -Dorg.gradle.daemon.performance.enable-monitoring=false, -Dorg.gradle.configureondemand=true, tasks]
2019-03-18 00:06:36,850 ERROR ProjectTaskService - Could not detect possible Gradle tasks: Cannot run program "gradle" (in directory "."): error=2, No such file or directory
2019-03-18 00:06:36,850 INFO  ProjectTaskService - Detected possible tasks: 0
2019-03-18 00:06:36,850 INFO  ProjectTaskService - Excluded tasks (0): none
2019-03-18 00:06:36,851 INFO  SysUtils - Execute command: [gradle, -b, /var/folders/bq/vtzpc5ns5sg2cthy61lqpg3dfzgbys/T/1552842270194-0/src/library/build.gradle, -Dorg.gradle.daemon=false, -Dorg.gradle.daemon.performance.enable-monitoring=false, -Dorg.gradle.configureondemand=true, --stacktrace, build]
2019-03-18 00:06:36,856 ERROR SysUtils - Could not process external command
java.io.IOException: Cannot run program "gradle" (in directory "."): error=2, No such file or directory
	at java.lang.ProcessBuilder.start(ProcessBuilder.java:1048)
	at java.lang.Runtime.exec(Runtime.java:620)
	at org.apache.commons.exec.launcher.Java13CommandLauncher.exec(Java13CommandLauncher.java:61)
	at org.apache.commons.exec.DefaultExecutor.launch(DefaultExecutor.java:279)
	at org.apache.commons.exec.DefaultExecutor.executeInternal(DefaultExecutor.java:336)
	at org.apache.commons.exec.DefaultExecutor.execute(DefaultExecutor.java:166)
	at com.github.vbauer.apkmaster.util.SysUtils.execute(SysUtils.java:67)
	at com.github.vbauer.apkmaster.util.SysUtils.executeSimple(SysUtils.java:43)
	at com.github.vbauer.apkmaster.service.assembly.ProjectBuildService.buildProject(ProjectBuildService.java:78)
	at com.github.vbauer.apkmaster.service.assembly.ProjectBuildService.buildProject(ProjectBuildService.java:64)
	at com.github.vbauer.apkmaster.service.assembly.ProjectBuildService.buildProject(ProjectBuildService.java:43)
	at com.github.vbauer.apkmaster.service.FullProcessService.build(FullProcessService.java:84)
	at com.github.vbauer.apkmaster.service.FullProcessService.process(FullProcessService.java:34)
	at com.github.vbauer.apkmaster.app.MainApplication.process(MainApplication.java:38)
	at com.github.vbauer.apkmaster.app.MainApplication.main(MainApplication.java:20)
	at sun.reflect.NativeMethodAccessorImpl.invoke0(Native Method)
	at sun.reflect.NativeMethodAccessorImpl.invoke(NativeMethodAccessorImpl.java:62)
	at sun.reflect.DelegatingMethodAccessorImpl.invoke(DelegatingMethodAccessorImpl.java:43)
	at java.lang.reflect.Method.invoke(Method.java:498)
	at com.android.arsenal.util.ReflectionUtils.invoke(ReflectionUtils.java:52)
	at com.android.arsenal.util.ApkMasterUtils.main(ApkMasterUtils.java:30)
	at com.android.arsenal.service.processor.impl.BuildProcessorServiceImpl.buildProject(BuildProcessorServiceImpl.java:196)
	at com.android.arsenal.service.processor.impl.BuildProcessorServiceImpl.build(BuildProcessorServiceImpl.java:130)
	at com.android.arsenal.service.processor.impl.BuildProcessorServiceImpl.lambda$null$1(BuildProcessorServiceImpl.java:113)
	at java.util.concurrent.FutureTask.run(FutureTask.java:266)
	at java.util.concurrent.Executors$RunnableAdapter.call(Executors.java:511)
	at java.util.concurrent.FutureTask.run(FutureTask.java:266)
	at java.util.concurrent.ThreadPoolExecutor.runWorker(ThreadPoolExecutor.java:1149)
	at java.util.concurrent.ThreadPoolExecutor$Worker.run(ThreadPoolExecutor.java:624)
	at java.lang.Thread.run(Thread.java:748)
Caused by: java.io.IOException: error=2, No such file or directory
	at java.lang.UNIXProcess.forkAndExec(Native Method)
	at java.lang.UNIXProcess.<init>(UNIXProcess.java:247)
	at java.lang.ProcessImpl.start(ProcessImpl.java:134)
	at java.lang.ProcessBuilder.start(ProcessBuilder.java:1029)
	... 29 common frames omitted
2019-03-18 00:06:36,856 INFO  SysUtils - 
2019-03-18 00:06:36,861 INFO  ProjectTaskService - Detecting possible tasks...
2019-03-18 00:06:36,861 INFO  SysUtils - Execute command: [gradle, -b, /var/folders/bq/vtzpc5ns5sg2cthy61lqpg3dfzgbys/T/1552842270194-0/src/opengl/build.gradle, -Dorg.gradle.daemon=false, -Dorg.gradle.daemon.performance.enable-monitoring=false, -Dorg.gradle.configureondemand=true, tasks]
2019-03-18 00:06:36,865 ERROR ProjectTaskService - Could not detect possible Gradle tasks: Cannot run program "gradle" (in directory "."): error=2, No such file or directory
2019-03-18 00:06:36,865 INFO  ProjectTaskService - Detected possible tasks: 0
2019-03-18 00:06:36,865 INFO  ProjectTaskService - Excluded tasks (0): none
2019-03-18 00:06:36,866 INFO  SysUtils - Execute command: [gradle, -b, /var/folders/bq/vtzpc5ns5sg2cthy61lqpg3dfzgbys/T/1552842270194-0/src/opengl/build.gradle, -Dorg.gradle.daemon=false, -Dorg.gradle.daemon.performance.enable-monitoring=false, -Dorg.gradle.configureondemand=true, --stacktrace, build]
2019-03-18 00:06:36,870 ERROR SysUtils - Could not process external command
java.io.IOException: Cannot run program "gradle" (in directory "."): error=2, No such file or directory
	at java.lang.ProcessBuilder.start(ProcessBuilder.java:1048)
	at java.lang.Runtime.exec(Runtime.java:620)
	at org.apache.commons.exec.launcher.Java13CommandLauncher.exec(Java13CommandLauncher.java:61)
	at org.apache.commons.exec.DefaultExecutor.launch(DefaultExecutor.java:279)
	at org.apache.commons.exec.DefaultExecutor.executeInternal(DefaultExecutor.java:336)
	at org.apache.commons.exec.DefaultExecutor.execute(DefaultExecutor.java:166)
	at com.github.vbauer.apkmaster.util.SysUtils.execute(SysUtils.java:67)
	at com.github.vbauer.apkmaster.util.SysUtils.executeSimple(SysUtils.java:43)
	at com.github.vbauer.apkmaster.service.assembly.ProjectBuildService.buildProject(ProjectBuildService.java:78)
	at com.github.vbauer.apkmaster.service.assembly.ProjectBuildService.buildProject(ProjectBuildService.java:64)
	at com.github.vbauer.apkmaster.service.assembly.ProjectBuildService.buildProject(ProjectBuildService.java:43)
	at com.github.vbauer.apkmaster.service.FullProcessService.build(FullProcessService.java:84)
	at com.github.vbauer.apkmaster.service.FullProcessService.process(FullProcessService.java:34)
	at com.github.vbauer.apkmaster.app.MainApplication.process(MainApplication.java:38)
	at com.github.vbauer.apkmaster.app.MainApplication.main(MainApplication.java:20)
	at sun.reflect.NativeMethodAccessorImpl.invoke0(Native Method)
	at sun.reflect.NativeMethodAccessorImpl.invoke(NativeMethodAccessorImpl.java:62)
	at sun.reflect.DelegatingMethodAccessorImpl.invoke(DelegatingMethodAccessorImpl.java:43)
	at java.lang.reflect.Method.invoke(Method.java:498)
	at com.android.arsenal.util.ReflectionUtils.invoke(ReflectionUtils.java:52)
	at com.android.arsenal.util.ApkMasterUtils.main(ApkMasterUtils.java:30)
	at com.android.arsenal.service.processor.impl.BuildProcessorServiceImpl.buildProject(BuildProcessorServiceImpl.java:196)
	at com.android.arsenal.service.processor.impl.BuildProcessorServiceImpl.build(BuildProcessorServiceImpl.java:130)
	at com.android.arsenal.service.processor.impl.BuildProcessorServiceImpl.lambda$null$1(BuildProcessorServiceImpl.java:113)
	at java.util.concurrent.FutureTask.run(FutureTask.java:266)
	at java.util.concurrent.Executors$RunnableAdapter.call(Executors.java:511)
	at java.util.concurrent.FutureTask.run(FutureTask.java:266)
	at java.util.concurrent.ThreadPoolExecutor.runWorker(ThreadPoolExecutor.java:1149)
	at java.util.concurrent.ThreadPoolExecutor$Worker.run(ThreadPoolExecutor.java:624)
	at java.lang.Thread.run(Thread.java:748)
Caused by: java.io.IOException: error=2, No such file or directory
	at java.lang.UNIXProcess.forkAndExec(Native Method)
	at java.lang.UNIXProcess.<init>(UNIXProcess.java:247)
	at java.lang.ProcessImpl.start(ProcessImpl.java:134)
	at java.lang.ProcessBuilder.start(ProcessBuilder.java:1029)
	... 29 common frames omitted
2019-03-18 00:06:36,870 INFO  SysUtils - 
2019-03-18 00:06:36,875 INFO  ProjectTaskService - Detecting possible tasks...
2019-03-18 00:06:36,875 INFO  SysUtils - Execute command: [gradle, -b, /var/folders/bq/vtzpc5ns5sg2cthy61lqpg3dfzgbys/T/1552842270194-0/src/build.gradle, -Dorg.gradle.daemon=false, -Dorg.gradle.daemon.performance.enable-monitoring=false, -Dorg.gradle.configureondemand=true, tasks]
2019-03-18 00:06:36,880 ERROR ProjectTaskService - Could not detect possible Gradle tasks: Cannot run program "gradle" (in directory "."): error=2, No such file or directory
2019-03-18 00:06:36,880 INFO  ProjectTaskService - Detected possible tasks: 0
2019-03-18 00:06:36,880 INFO  ProjectTaskService - Excluded tasks (0): none
2019-03-18 00:06:36,880 INFO  SysUtils - Execute command: [gradle, -b, /var/folders/bq/vtzpc5ns5sg2cthy61lqpg3dfzgbys/T/1552842270194-0/src/build.gradle, -Dorg.gradle.daemon=false, -Dorg.gradle.daemon.performance.enable-monitoring=false, -Dorg.gradle.configureondemand=true, --stacktrace, build]
2019-03-18 00:06:36,885 ERROR SysUtils - Could not process external command
java.io.IOException: Cannot run program "gradle" (in directory "."): error=2, No such file or directory
	at java.lang.ProcessBuilder.start(ProcessBuilder.java:1048)
	at java.lang.Runtime.exec(Runtime.java:620)
	at org.apache.commons.exec.launcher.Java13CommandLauncher.exec(Java13CommandLauncher.java:61)
	at org.apache.commons.exec.DefaultExecutor.launch(DefaultExecutor.java:279)
	at org.apache.commons.exec.DefaultExecutor.executeInternal(DefaultExecutor.java:336)
	at org.apache.commons.exec.DefaultExecutor.execute(DefaultExecutor.java:166)
	at com.github.vbauer.apkmaster.util.SysUtils.execute(SysUtils.java:67)
	at com.github.vbauer.apkmaster.util.SysUtils.executeSimple(SysUtils.java:43)
	at com.github.vbauer.apkmaster.service.assembly.ProjectBuildService.buildProject(ProjectBuildService.java:78)
	at com.github.vbauer.apkmaster.service.assembly.ProjectBuildService.buildProject(ProjectBuildService.java:64)
	at com.github.vbauer.apkmaster.service.assembly.ProjectBuildService.buildProject(ProjectBuildService.java:43)
	at com.github.vbauer.apkmaster.service.FullProcessService.build(FullProcessService.java:84)
	at com.github.vbauer.apkmaster.service.FullProcessService.process(FullProcessService.java:34)
	at com.github.vbauer.apkmaster.app.MainApplication.process(MainApplication.java:38)
	at com.github.vbauer.apkmaster.app.MainApplication.main(MainApplication.java:20)
	at sun.reflect.NativeMethodAccessorImpl.invoke0(Native Method)
	at sun.reflect.NativeMethodAccessorImpl.invoke(NativeMethodAccessorImpl.java:62)
	at sun.reflect.DelegatingMethodAccessorImpl.invoke(DelegatingMethodAccessorImpl.java:43)
	at java.lang.reflect.Method.invoke(Method.java:498)
	at com.android.arsenal.util.ReflectionUtils.invoke(ReflectionUtils.java:52)
	at com.android.arsenal.util.ApkMasterUtils.main(ApkMasterUtils.java:30)
	at com.android.arsenal.service.processor.impl.BuildProcessorServiceImpl.buildProject(BuildProcessorServiceImpl.java:196)
	at com.android.arsenal.service.processor.impl.BuildProcessorServiceImpl.build(BuildProcessorServiceImpl.java:130)
	at com.android.arsenal.service.processor.impl.BuildProcessorServiceImpl.lambda$null$1(BuildProcessorServiceImpl.java:113)
	at java.util.concurrent.FutureTask.run(FutureTask.java:266)
	at java.util.concurrent.Executors$RunnableAdapter.call(Executors.java:511)
	at java.util.concurrent.FutureTask.run(FutureTask.java:266)
	at java.util.concurrent.ThreadPoolExecutor.runWorker(ThreadPoolExecutor.java:1149)
	at java.util.concurrent.ThreadPoolExecutor$Worker.run(ThreadPoolExecutor.java:624)
	at java.lang.Thread.run(Thread.java:748)
Caused by: java.io.IOException: error=2, No such file or directory
	at java.lang.UNIXProcess.forkAndExec(Native Method)
	at java.lang.UNIXProcess.<init>(UNIXProcess.java:247)
	at java.lang.ProcessImpl.start(ProcessImpl.java:134)
	at java.lang.ProcessBuilder.start(ProcessBuilder.java:1029)
	... 29 common frames omitted
2019-03-18 00:06:36,885 INFO  SysUtils - 
2019-03-18 00:06:36,890 ERROR FullProcessService - Project build has not produced APK file
2019-03-18 00:06:36,895 ERROR FullProcessService - Could not find generated or existed APK file
