2019-01-07 22:34:31,083 INFO  DownloadService - Downloading "https://github.com/michael-rapp/ChromeLikeTabSwitcher/archive/master.zip", attempt 3
2019-01-07 22:34:42,392 INFO  DownloadService - Downloaded https://github.com/michael-rapp/ChromeLikeTabSwitcher/archive/master.zip, attempt 3
2019-01-07 22:34:42,393 INFO  DownloadService - Size of file "/var/folders/bq/vtzpc5ns5sg2cthy61lqpg3dfzgbys/T/1546875271080-0/master.zip": 13 MB
2019-01-07 22:34:42,393 INFO  ArchiveUtils - Checking entries [.gradle] in ZIP file...
2019-01-07 22:34:42,395 INFO  ArchiveUtils - Has entries [.gradle] in ZIP file /var/folders/bq/vtzpc5ns5sg2cthy61lqpg3dfzgbys/T/1546875271080-0/master.zip: true
2019-01-07 22:34:42,396 DEBUG ZipUtil - Extracting '/var/folders/bq/vtzpc5ns5sg2cthy61lqpg3dfzgbys/T/1546875271080-0/master.zip' into '/var/folders/bq/vtzpc5ns5sg2cthy61lqpg3dfzgbys/T/1546875271080-0/src'.
2019-01-07 22:34:42,571 INFO  FullProcessService - Size of directory with sources: 17 MB
2019-01-07 22:34:42,571 INFO  SysUtils - Execute command: [git, init, /var/folders/bq/vtzpc5ns5sg2cthy61lqpg3dfzgbys/T/1546875271080-0/src]
2019-01-07 22:34:42,588 INFO  SysUtils - Initialized empty Git repository in /private/var/folders/bq/vtzpc5ns5sg2cthy61lqpg3dfzgbys/T/1546875271080-0/src/.git/

2019-01-07 22:34:42,596 INFO  ProjectBuildService - Gradle wrapper(s): /var/folders/bq/vtzpc5ns5sg2cthy61lqpg3dfzgbys/T/1546875271080-0/src/ChromeLikeTabSwitcher-master/gradlew
2019-01-07 22:34:42,603 INFO  ProjectBuildService - Build script(s): /var/folders/bq/vtzpc5ns5sg2cthy61lqpg3dfzgbys/T/1546875271080-0/src/ChromeLikeTabSwitcher-master/example/build.gradle /var/folders/bq/vtzpc5ns5sg2cthy61lqpg3dfzgbys/T/1546875271080-0/src/ChromeLikeTabSwitcher-master/library/build.gradle /var/folders/bq/vtzpc5ns5sg2cthy61lqpg3dfzgbys/T/1546875271080-0/src/ChromeLikeTabSwitcher-master/build.gradle
2019-01-07 22:34:42,612 INFO  ProjectBuildService - All script(s): /var/folders/bq/vtzpc5ns5sg2cthy61lqpg3dfzgbys/T/1546875271080-0/src/ChromeLikeTabSwitcher-master/example/build.gradle /var/folders/bq/vtzpc5ns5sg2cthy61lqpg3dfzgbys/T/1546875271080-0/src/ChromeLikeTabSwitcher-master/library/build.gradle /var/folders/bq/vtzpc5ns5sg2cthy61lqpg3dfzgbys/T/1546875271080-0/src/ChromeLikeTabSwitcher-master/build.gradle /var/folders/bq/vtzpc5ns5sg2cthy61lqpg3dfzgbys/T/1546875271080-0/src/ChromeLikeTabSwitcher-master/settings.gradle
2019-01-07 22:34:42,612 INFO  DownloadService - Downloading "https://raw.github.com/chrisbanes/gradle-mvn-push/master/gradle-mvn-push.gradle", attempt 3
2019-01-07 22:34:44,049 INFO  DownloadService - Downloaded https://raw.github.com/chrisbanes/gradle-mvn-push/master/gradle-mvn-push.gradle, attempt 3
2019-01-07 22:34:44,049 INFO  ProjectBuildService - Remote scripts: https://raw.github.com/chrisbanes/gradle-mvn-push/master/gradle-mvn-push.gradle
2019-01-07 22:34:44,049 INFO  ProjectFixService - Fixing project...
2019-01-07 22:34:44,073 INFO  LocalPropertiesFixService - Created fake /var/folders/bq/vtzpc5ns5sg2cthy61lqpg3dfzgbys/T/1546875271080-0/src/ChromeLikeTabSwitcher-master/example/local.properties
2019-01-07 22:34:44,075 INFO  ProjectFixService - Build info for "/var/folders/bq/vtzpc5ns5sg2cthy61lqpg3dfzgbys/T/1546875271080-0/src/ChromeLikeTabSwitcher-master/example/build.gradle": [buildToolsVersion=<null>,compileSdkVersion=<null>,minSdkVersion=<null>,targetSdkVersion=<null>]
2019-01-07 22:34:44,075 INFO  ProjectFixService - Fixed build info for "/var/folders/bq/vtzpc5ns5sg2cthy61lqpg3dfzgbys/T/1546875271080-0/src/ChromeLikeTabSwitcher-master/example/build.gradle": [buildToolsVersion=28.0.0-rc2,compileSdkVersion=28,minSdkVersion=28,targetSdkVersion=28]
2019-01-07 22:34:44,075 INFO  LocalPropertiesFixService - Created fake /var/folders/bq/vtzpc5ns5sg2cthy61lqpg3dfzgbys/T/1546875271080-0/src/ChromeLikeTabSwitcher-master/library/local.properties
2019-01-07 22:34:44,077 INFO  ProjectFixService - Build info for "/var/folders/bq/vtzpc5ns5sg2cthy61lqpg3dfzgbys/T/1546875271080-0/src/ChromeLikeTabSwitcher-master/library/build.gradle": [buildToolsVersion=<null>,compileSdkVersion=<null>,minSdkVersion=<null>,targetSdkVersion=<null>]
2019-01-07 22:34:44,077 INFO  ProjectFixService - Fixed build info for "/var/folders/bq/vtzpc5ns5sg2cthy61lqpg3dfzgbys/T/1546875271080-0/src/ChromeLikeTabSwitcher-master/library/build.gradle": [buildToolsVersion=28.0.0-rc2,compileSdkVersion=28,minSdkVersion=28,targetSdkVersion=28]
2019-01-07 22:34:44,078 INFO  LocalPropertiesFixService - Created fake /var/folders/bq/vtzpc5ns5sg2cthy61lqpg3dfzgbys/T/1546875271080-0/src/ChromeLikeTabSwitcher-master/local.properties
2019-01-07 22:34:44,078 INFO  WrapperPropertiesFixService - Gradle wrapper: https://services.gradle.org/distributions/gradle-4.6-all.zip
2019-01-07 22:34:44,079 INFO  WrapperPropertiesFixService - Gradle wrapper was changed from "-all.zip" to "-bin.zip" (https://services.gradle.org/distributions/gradle-4.6-bin.zip)
2019-01-07 22:34:44,080 INFO  ProjectFixService - Build info for "/var/folders/bq/vtzpc5ns5sg2cthy61lqpg3dfzgbys/T/1546875271080-0/src/ChromeLikeTabSwitcher-master/build.gradle": [buildToolsVersion=<null>,compileSdkVersion=<null>,minSdkVersion=<null>,targetSdkVersion=<null>]
2019-01-07 22:34:44,080 INFO  ProjectFixService - Fixed build info for "/var/folders/bq/vtzpc5ns5sg2cthy61lqpg3dfzgbys/T/1546875271080-0/src/ChromeLikeTabSwitcher-master/build.gradle": [buildToolsVersion=28.0.0-rc2,compileSdkVersion=28,minSdkVersion=28,targetSdkVersion=28]
2019-01-07 22:34:44,081 INFO  ProjectFixService - Project was maybe fixed
2019-01-07 22:34:44,081 INFO  ProjectTaskService - Detecting possible tasks...
2019-01-07 22:34:44,081 INFO  SysUtils - Execute command: [/var/folders/bq/vtzpc5ns5sg2cthy61lqpg3dfzgbys/T/1546875271080-0/src/ChromeLikeTabSwitcher-master/gradlew, -b, /var/folders/bq/vtzpc5ns5sg2cthy61lqpg3dfzgbys/T/1546875271080-0/src/ChromeLikeTabSwitcher-master/example/build.gradle, -Dorg.gradle.daemon=false, -Dorg.gradle.daemon.performance.enable-monitoring=false, -Dorg.gradle.configureondemand=true, tasks]
2019-01-07 22:34:50,031 INFO  ProjectTaskService - Detected possible tasks: 73
2019-01-07 22:34:50,032 INFO  ProjectTaskService - Excluded tasks (21): lintDebug androidJavadocs deviceCheck lint androidSourcesJar testReleaseUnitTest uninstallRelease deviceAndroidTest uninstallDebugAndroidTest installDebugAndroidTest connectedCheck connectedDebugAndroidTest uninstallAll androidJavadocsJar test check testDebugUnitTest connectedAndroidTest installDebug lintRelease uninstallDebug
2019-01-07 22:34:50,032 INFO  SysUtils - Execute command: [/var/folders/bq/vtzpc5ns5sg2cthy61lqpg3dfzgbys/T/1546875271080-0/src/ChromeLikeTabSwitcher-master/gradlew, -b, /var/folders/bq/vtzpc5ns5sg2cthy61lqpg3dfzgbys/T/1546875271080-0/src/ChromeLikeTabSwitcher-master/example/build.gradle, -Dorg.gradle.daemon=false, -Dorg.gradle.daemon.performance.enable-monitoring=false, -Dorg.gradle.configureondemand=true, --stacktrace, -x, lintDebug, -x, androidJavadocs, -x, deviceCheck, -x, lint, -x, androidSourcesJar, -x, testReleaseUnitTest, -x, uninstallRelease, -x, deviceAndroidTest, -x, uninstallDebugAndroidTest, -x, installDebugAndroidTest, -x, connectedCheck, -x, connectedDebugAndroidTest, -x, uninstallAll, -x, androidJavadocsJar, -x, test, -x, check, -x, testDebugUnitTest, -x, connectedAndroidTest, -x, installDebug, -x, lintRelease, -x, uninstallDebug, build]
2019-01-07 22:34:55,491 ERROR SysUtils - Could not process external command
org.apache.commons.exec.ExecuteException: Process exited with an error: 1 (Exit value: 1)
	at org.apache.commons.exec.DefaultExecutor.executeInternal(DefaultExecutor.java:404)
	at org.apache.commons.exec.DefaultExecutor.execute(DefaultExecutor.java:166)
	at com.github.vbauer.apkmaster.util.SysUtils.execute(SysUtils.java:67)
	at com.github.vbauer.apkmaster.util.SysUtils.executeSimple(SysUtils.java:43)
	at com.github.vbauer.apkmaster.service.assembly.ProjectBuildService.buildProject(ProjectBuildService.java:78)
	at com.github.vbauer.apkmaster.service.assembly.ProjectBuildService.buildProject(ProjectBuildService.java:64)
	at com.github.vbauer.apkmaster.service.assembly.ProjectBuildService.buildProject(ProjectBuildService.java:43)
	at com.github.vbauer.apkmaster.service.FullProcessService.build(FullProcessService.java:84)
	at com.github.vbauer.apkmaster.service.FullProcessService.process(FullProcessService.java:34)
	at com.github.vbauer.apkmaster.app.MainApplication.process(MainApplication.java:38)
	at com.github.vbauer.apkmaster.app.MainApplication.main(MainApplication.java:20)
	at sun.reflect.NativeMethodAccessorImpl.invoke0(Native Method)
	at sun.reflect.NativeMethodAccessorImpl.invoke(NativeMethodAccessorImpl.java:62)
	at sun.reflect.DelegatingMethodAccessorImpl.invoke(DelegatingMethodAccessorImpl.java:43)
	at java.lang.reflect.Method.invoke(Method.java:498)
	at com.android.arsenal.util.ReflectionUtils.invoke(ReflectionUtils.java:52)
	at com.android.arsenal.util.ApkMasterUtils.main(ApkMasterUtils.java:30)
	at com.android.arsenal.service.processor.impl.BuildProcessorServiceImpl.buildProject(BuildProcessorServiceImpl.java:196)
	at com.android.arsenal.service.processor.impl.BuildProcessorServiceImpl.build(BuildProcessorServiceImpl.java:130)
	at com.android.arsenal.service.processor.impl.BuildProcessorServiceImpl.lambda$createTasks$1(BuildProcessorServiceImpl.java:113)
	at java.util.concurrent.FutureTask.run(FutureTask.java:266)
	at java.util.concurrent.Executors$RunnableAdapter.call(Executors.java:511)
	at java.util.concurrent.FutureTask.run(FutureTask.java:266)
	at java.util.concurrent.ThreadPoolExecutor.runWorker(ThreadPoolExecutor.java:1149)
	at java.util.concurrent.ThreadPoolExecutor$Worker.run(ThreadPoolExecutor.java:624)
	at java.lang.Thread.run(Thread.java:748)
2019-01-07 22:34:55,491 INFO  SysUtils - Configuration on demand is an incubating feature.

FAILURE: Build failed with an exception.

* What went wrong:
Task 'androidJavadocs' not found in project ':example'.

* Try:
Run gradlew tasks to get a list of available tasks. Run with --info or --debug option to get more log output. Run with --scan to get full insights.

* Exception is:
org.gradle.execution.TaskSelectionException: Task 'androidJavadocs' not found in project ':example'.
	at org.gradle.execution.TaskSelector.getSelection(TaskSelector.java:116)
	at org.gradle.execution.TaskSelector.getFilter(TaskSelector.java:66)
	at org.gradle.execution.ExcludedTaskFilteringBuildConfigurationAction.configure(ExcludedTaskFilteringBuildConfigurationAction.java:42)
	at org.gradle.execution.DefaultBuildConfigurationActionExecuter.configure(DefaultBuildConfigurationActionExecuter.java:48)
	at org.gradle.execution.DefaultBuildConfigurationActionExecuter.select(DefaultBuildConfigurationActionExecuter.java:36)
	at org.gradle.initialization.DefaultGradleLauncher$CalculateTaskGraph.run(DefaultGradleLauncher.java:286)
	at org.gradle.internal.progress.DefaultBuildOperationExecutor$RunnableBuildOperationWorker.execute(DefaultBuildOperationExecutor.java:336)
	at org.gradle.internal.progress.DefaultBuildOperationExecutor$RunnableBuildOperationWorker.execute(DefaultBuildOperationExecutor.java:328)
	at org.gradle.internal.progress.DefaultBuildOperationExecutor.execute(DefaultBuildOperationExecutor.java:199)
	at org.gradle.internal.progress.DefaultBuildOperationExecutor.run(DefaultBuildOperationExecutor.java:110)
	at org.gradle.initialization.DefaultGradleLauncher.constructTaskGraph(DefaultGradleLauncher.java:181)
	at org.gradle.initialization.DefaultGradleLauncher.doBuildStages(DefaultGradleLauncher.java:136)
	at org.gradle.initialization.DefaultGradleLauncher.executeTasks(DefaultGradleLauncher.java:115)
	at org.gradle.internal.invocation.GradleBuildController$1.call(GradleBuildController.java:78)
	at org.gradle.internal.invocation.GradleBuildController$1.call(GradleBuildController.java:75)
	at org.gradle.internal.work.DefaultWorkerLeaseService.withLocks(DefaultWorkerLeaseService.java:152)
	at org.gradle.internal.invocation.GradleBuildController.doBuild(GradleBuildController.java:100)
	at org.gradle.internal.invocation.GradleBuildController.run(GradleBuildController.java:75)
	at org.gradle.tooling.internal.provider.ExecuteBuildActionRunner.run(ExecuteBuildActionRunner.java:28)
	at org.gradle.launcher.exec.ChainingBuildActionRunner.run(ChainingBuildActionRunner.java:35)
	at org.gradle.tooling.internal.provider.ValidatingBuildActionRunner.run(ValidatingBuildActionRunner.java:32)
	at org.gradle.launcher.exec.RunAsBuildOperationBuildActionRunner$1.run(RunAsBuildOperationBuildActionRunner.java:43)
	at org.gradle.internal.progress.DefaultBuildOperationExecutor$RunnableBuildOperationWorker.execute(DefaultBuildOperationExecutor.java:336)
	at org.gradle.internal.progress.DefaultBuildOperationExecutor$RunnableBuildOperationWorker.execute(DefaultBuildOperationExecutor.java:328)
	at org.gradle.internal.progress.DefaultBuildOperationExecutor.execute(DefaultBuildOperationExecutor.java:199)
	at org.gradle.internal.progress.DefaultBuildOperationExecutor.run(DefaultBuildOperationExecutor.java:110)
	at org.gradle.launcher.exec.RunAsBuildOperationBuildActionRunner.run(RunAsBuildOperationBuildActionRunner.java:40)
	at org.gradle.tooling.internal.provider.SubscribableBuildActionRunner.run(SubscribableBuildActionRunner.java:51)
	at org.gradle.launcher.exec.InProcessBuildActionExecuter.execute(InProcessBuildActionExecuter.java:49)
	at org.gradle.launcher.exec.InProcessBuildActionExecuter.execute(InProcessBuildActionExecuter.java:32)
	at org.gradle.launcher.exec.BuildTreeScopeBuildActionExecuter.execute(BuildTreeScopeBuildActionExecuter.java:39)
	at org.gradle.launcher.exec.BuildTreeScopeBuildActionExecuter.execute(BuildTreeScopeBuildActionExecuter.java:25)
	at org.gradle.tooling.internal.provider.ContinuousBuildActionExecuter.execute(ContinuousBuildActionExecuter.java:80)
	at org.gradle.tooling.internal.provider.ContinuousBuildActionExecuter.execute(ContinuousBuildActionExecuter.java:53)
	at org.gradle.tooling.internal.provider.ServicesSetupBuildActionExecuter.execute(ServicesSetupBuildActionExecuter.java:57)
	at org.gradle.tooling.internal.provider.ServicesSetupBuildActionExecuter.execute(ServicesSetupBuildActionExecuter.java:32)
	at org.gradle.tooling.internal.provider.GradleThreadBuildActionExecuter.execute(GradleThreadBuildActionExecuter.java:36)
	at org.gradle.tooling.internal.provider.GradleThreadBuildActionExecuter.execute(GradleThreadBuildActionExecuter.java:25)
	at org.gradle.tooling.internal.provider.ParallelismConfigurationBuildActionExecuter.execute(ParallelismConfigurationBuildActionExecuter.java:43)
	at org.gradle.tooling.internal.provider.ParallelismConfigurationBuildActionExecuter.execute(ParallelismConfigurationBuildActionExecuter.java:29)
	at org.gradle.tooling.internal.provider.StartParamsValidatingActionExecuter.execute(StartParamsValidatingActionExecuter.java:64)
	at org.gradle.tooling.internal.provider.StartParamsValidatingActionExecuter.execute(StartParamsValidatingActionExecuter.java:29)
	at org.gradle.tooling.internal.provider.SessionFailureReportingActionExecuter.execute(SessionFailureReportingActionExecuter.java:59)
	at org.gradle.tooling.internal.provider.SessionFailureReportingActionExecuter.execute(SessionFailureReportingActionExecuter.java:44)
	at org.gradle.tooling.internal.provider.SetupLoggingActionExecuter.execute(SetupLoggingActionExecuter.java:45)
	at org.gradle.tooling.internal.provider.SetupLoggingActionExecuter.execute(SetupLoggingActionExecuter.java:30)
	at org.gradle.launcher.cli.RunBuildAction.run(RunBuildAction.java:51)
	at org.gradle.internal.Actions$RunnableActionAdapter.execute(Actions.java:173)
	at org.gradle.launcher.cli.CommandLineActionFactory$ParseAndBuildAction.execute(CommandLineActionFactory.java:285)
	at org.gradle.launcher.cli.CommandLineActionFactory$ParseAndBuildAction.execute(CommandLineActionFactory.java:258)
	at org.gradle.launcher.cli.ExceptionReportingAction.execute(ExceptionReportingAction.java:33)
	at org.gradle.launcher.cli.ExceptionReportingAction.execute(ExceptionReportingAction.java:22)
	at org.gradle.launcher.cli.CommandLineActionFactory$WithLogging.execute(CommandLineActionFactory.java:251)
	at org.gradle.launcher.cli.CommandLineActionFactory$WithLogging.execute(CommandLineActionFactory.java:185)
	at org.gradle.launcher.Main.doAction(Main.java:36)
	at org.gradle.launcher.bootstrap.EntryPoint.run(EntryPoint.java:45)
	at org.gradle.launcher.bootstrap.ProcessBootstrap.runNoExit(ProcessBootstrap.java:60)
	at org.gradle.launcher.bootstrap.ProcessBootstrap.run(ProcessBootstrap.java:37)
	at org.gradle.launcher.GradleMain.main(GradleMain.java:23)
	at org.gradle.wrapper.BootstrapMainStarter.start(BootstrapMainStarter.java:30)
	at org.gradle.wrapper.WrapperExecutor.execute(WrapperExecutor.java:129)
	at org.gradle.wrapper.GradleWrapperMain.main(GradleWrapperMain.java:61)


* Get more help at https://help.gradle.org

BUILD FAILED in 5s

2019-01-07 22:34:55,491 ERROR ProjectBuildService - Excluded tasks were detected wrong
2019-01-07 22:34:55,491 INFO  SysUtils - Execute command: [/var/folders/bq/vtzpc5ns5sg2cthy61lqpg3dfzgbys/T/1546875271080-0/src/ChromeLikeTabSwitcher-master/gradlew, -b, /var/folders/bq/vtzpc5ns5sg2cthy61lqpg3dfzgbys/T/1546875271080-0/src/ChromeLikeTabSwitcher-master/example/build.gradle, -Dorg.gradle.daemon=false, -Dorg.gradle.daemon.performance.enable-monitoring=false, -Dorg.gradle.configureondemand=true, --stacktrace, build]
2019-01-07 22:35:42,869 INFO  SysUtils - Configuration on demand is an incubating feature.
Download https://raw.github.com/chrisbanes/gradle-mvn-push/master/gradle-mvn-push.gradle
Download https://jcenter.bintray.com/org/jetbrains/annotations/maven-metadata.xml
:example:checkDebugClasspath
Download https://jcenter.bintray.com/com/github/michael-rapp/android-util/2.0.0/android-util-2.0.0.aar
Download https://jcenter.bintray.com/com/github/michael-rapp/android-material-views/3.0.0/android-material-views-3.0.0.aar
Download https://jcenter.bintray.com/com/github/michael-rapp/java-util/2.0.1/java-util-2.0.1.jar
:example:preBuild UP-TO-DATE
:library:preBuild UP-TO-DATE
:library:preDebugBuild UP-TO-DATE
:library:checkDebugManifest
:library:processDebugManifest
:example:preDebugBuild
:library:compileDebugAidl NO-SOURCE
:example:compileDebugAidl NO-SOURCE
:library:packageDebugRenderscript NO-SOURCE
:example:compileDebugRenderscript
:example:checkDebugManifest
:example:generateDebugBuildConfig
:example:prepareLintJar
:example:mainApkListPersistenceDebug
:example:generateDebugResValues
:example:generateDebugResources
:library:compileDebugRenderscript
:library:generateDebugResValues
:library:generateDebugResources
:library:packageDebugResources
:example:mergeDebugResources
:example:createDebugCompatibleScreenManifests
:example:processDebugManifest
:example:splitsDiscoveryTaskDebug
:library:generateDebugRFile
:example:processDebugResources
:example:generateDebugSources
:library:generateDebugBuildConfig
:library:prepareLintJar
:library:generateDebugSources
:library:javaPreCompileDebug
:library:compileDebugJavaWithJavac
:library:processDebugJavaRes NO-SOURCE
:library:transformClassesAndResourcesWithPrepareIntermediateJarsForDebug
:example:javaPreCompileDebug
:example:compileDebugJavaWithJavacNote: Some input files use or override a deprecated API.
Note: Recompile with -Xlint:deprecation for details.

:example:compileDebugNdk NO-SOURCE
:example:compileDebugSources
:example:mergeDebugShaders
:example:compileDebugShaders
:example:generateDebugAssets
:library:mergeDebugShaders
:library:compileDebugShaders
:library:generateDebugAssets
:library:packageDebugAssets
:example:mergeDebugAssets
:example:transformClassesWithDexBuilderForDebug
D8: Stripped invalid locals information from 1 method.
/Users/vbauer/.gradle/caches/modules-2/files-2.1/org.jetbrains.kotlin/kotlin-stdlib/1.2.60/391695759d8fc80042c2c11bc19fc6f2787be495/kotlin-stdlib-1.2.60.jar: D8: Methods with invalid locals information:
  java.lang.Object kotlin.sequences.SequencesKt___SequencesKt$zipWithNext$2.doResume(java.lang.Object, java.lang.Throwable)
  Attempt to read local this but no local information was associated with the value being read.
D8: Stripped invalid locals information from 1 method.
/Users/vbauer/.gradle/caches/modules-2/files-2.1/org.jetbrains.kotlin/kotlin-stdlib/1.2.60/391695759d8fc80042c2c11bc19fc6f2787be495/kotlin-stdlib-1.2.60.jar: D8: Methods with invalid locals information:
  java.lang.Object kotlin.collections.SlidingWindowKt$windowedIterator$1.doResume(java.lang.Object, java.lang.Throwable)
  Attempt to read local this but no local information was associated with the value being read.
:example:transformDexArchiveWithExternalLibsDexMergerForDebug
:example:transformDexArchiveWithDexMergerForDebug
:example:mergeDebugJniLibFolders
:library:compileDebugNdk NO-SOURCE
:library:mergeDebugJniLibFolders
:library:transformNativeLibsWithMergeJniLibsForDebug
:library:transformNativeLibsWithStripDebugSymbolForDebug
:library:transformNativeLibsWithIntermediateJniLibsForDebug
:example:transformNativeLibsWithMergeJniLibsForDebug
:example:transformNativeLibsWithStripDebugSymbolForDebug
:example:checkDebugLibraries
:example:processDebugJavaRes NO-SOURCE
:example:transformResourcesWithMergeJavaResForDebug
:example:validateSigningDebug
:example:packageDebug
:example:assembleDebug
:example:checkReleaseClasspath
:library:preReleaseBuild UP-TO-DATE
:library:checkReleaseManifest
:library:processReleaseManifest
:example:preReleaseBuild
:library:compileReleaseAidl NO-SOURCE
:example:compileReleaseAidl NO-SOURCE
:library:packageReleaseRenderscript NO-SOURCE
:example:compileReleaseRenderscript
:example:checkReleaseManifest
:example:generateReleaseBuildConfig
:example:mainApkListPersistenceRelease
:example:generateReleaseResValues
:example:generateReleaseResources
:library:compileReleaseRenderscript
:library:generateReleaseResValues
:library:generateReleaseResources
:library:packageReleaseResources
:example:mergeReleaseResources
:example:createReleaseCompatibleScreenManifests
:example:processReleaseManifest
:example:splitsDiscoveryTaskRelease
:library:generateReleaseRFile
:example:processReleaseResources
:example:generateReleaseSources
:library:generateReleaseBuildConfig
:library:generateReleaseSources
:library:javaPreCompileRelease
:library:compileReleaseJavaWithJavac
:library:processReleaseJavaRes NO-SOURCE
:library:transformClassesAndResourcesWithPrepareIntermediateJarsForRelease
:example:javaPreCompileRelease
:example:compileReleaseJavaWithJavacNote: Some input files use or override a deprecated API.
Note: Recompile with -Xlint:deprecation for details.

:example:compileReleaseNdk NO-SOURCE
:example:compileReleaseSources
:example:lintVitalRelease SKIPPED
:example:mergeReleaseShaders
:example:compileReleaseShaders
:example:generateReleaseAssets
:library:mergeReleaseShaders
:library:compileReleaseShaders
:library:generateReleaseAssets
:library:packageReleaseAssets
:example:mergeReleaseAssets
:example:transformClassesWithDexBuilderForRelease
:example:transformDexArchiveWithExternalLibsDexMergerForRelease
:example:transformDexArchiveWithDexMergerForRelease
:example:mergeReleaseJniLibFolders
:library:compileReleaseNdk NO-SOURCE
:library:mergeReleaseJniLibFolders
:library:transformNativeLibsWithMergeJniLibsForRelease
:library:transformNativeLibsWithStripDebugSymbolForRelease
:library:transformNativeLibsWithIntermediateJniLibsForRelease
:example:transformNativeLibsWithMergeJniLibsForRelease
:example:transformNativeLibsWithStripDebugSymbolForRelease
:example:checkReleaseLibraries
:example:processReleaseJavaRes NO-SOURCE
:example:transformResourcesWithMergeJavaResForRelease
:example:packageRelease
:example:assembleRelease
:example:assemble
:example:lint
Ran lint on variant debug: 2 issues found
Ran lint on variant release: 2 issues found
Wrote HTML report to file:///private/var/folders/bq/vtzpc5ns5sg2cthy61lqpg3dfzgbys/T/1546875271080-0/src/ChromeLikeTabSwitcher-master/example/build/reports/lint-results.html
Wrote XML report to file:///private/var/folders/bq/vtzpc5ns5sg2cthy61lqpg3dfzgbys/T/1546875271080-0/src/ChromeLikeTabSwitcher-master/example/build/reports/lint-results.xml
:example:generateDebugUnitTestSources
:example:preDebugUnitTestBuild UP-TO-DATE
:example:javaPreCompileDebugUnitTest
:example:compileDebugUnitTestJavaWithJavac NO-SOURCE
:example:processDebugUnitTestJavaRes NO-SOURCE
:example:testDebugUnitTest NO-SOURCE
:example:generateReleaseUnitTestSources
:example:preReleaseUnitTestBuild UP-TO-DATE
:example:javaPreCompileReleaseUnitTest
:example:compileReleaseUnitTestJavaWithJavac NO-SOURCE
:example:processReleaseUnitTestJavaRes NO-SOURCE
:example:testReleaseUnitTest NO-SOURCE
:example:test UP-TO-DATE
:example:check
:example:build

BUILD SUCCESSFUL in 46s
92 actionable tasks: 92 executed

2019-01-07 22:35:42,983 INFO  FullProcessService - Found APK file: /var/folders/bq/vtzpc5ns5sg2cthy61lqpg3dfzgbys/T/1546875271080-0/src/ChromeLikeTabSwitcher-master/example/build/outputs/apk/release/example-release-unsigned.apk
